<?xml version="1.0" encoding="UTF-8"?>
<testng-results ignored="0" total="1" passed="1" failed="0" skipped="0">
  <reporter-output>
  </reporter-output>
  <suite started-at="2022-11-28T16:57:13 IST" name="Default suite" finished-at="2022-11-28T16:59:10 IST" duration-ms="116848">
    <groups>
    </groups>
    <test started-at="2022-11-28T16:57:13 IST" name="Default test" finished-at="2022-11-28T16:59:10 IST" duration-ms="116848">
      <class name="NewMaven.Maven1.demo">
        <test-method signature="browser()[pri:0, instance:NewMaven.Maven1.demo@2e6a8155]" started-at="2022-11-28T16:57:13 IST" name="browser" finished-at="2022-11-28T16:59:10 IST" duration-ms="116462" status="PASS">
          <reporter-output>
          </reporter-output>
        </test-method> <!-- browser -->
      </class> <!-- NewMaven.Maven1.demo -->
    </test> <!-- Default test -->
  </suite> <!-- Default suite -->
</testng-results>
